#
# A fatal error has been detected by the Java Runtime Environment:
#
#  EXCEPTION_ACCESS_VIOLATION (0xc0000005) at pc=0x00007fff30c96e32, pid=10992, tid=0x00000000000009f8
#
# JRE version: Java(TM) SE Runtime Environment (8.0_92-b14) (build 1.8.0_92-b14)
# Java VM: Java HotSpot(TM) 64-Bit Server VM (25.92-b14 mixed mode windows-amd64 compressed oops)
# Problematic frame:
# C  [ig9icd64.dll+0x336e32]
#
# Failed to write core dump. Minidumps are not enabled by default on client versions of Windows
#
# If you would like to submit a bug report, please visit:
#   http://bugreport.java.com/bugreport/crash.jsp
# The crash happened outside the Java Virtual Machine in native code.
# See problematic frame for where to report the bug.
#

---------------  T H R E A D  ---------------

Current thread (0x0000000019f11000):  JavaThread "AWT-EventQueue-0" [_thread_in_native, id=2552, stack(0x000000001a5c0000,0x000000001a6c0000)]

siginfo: ExceptionCode=0xc0000005, writing address 0x0000000000000000

Registers:
RAX=0x000000003f800000, RBX=0x00007fff30960000, RCX=0x0000000000000000, RDX=0x00000000198af9b0
RSP=0x000000001a6bc628, RBP=0x000000001a6bc680, RSI=0x0000000000000000, RDI=0x000000001984bf40
R8 =0x001605c2fbfc80ff, R9 =0x0000000000000000, R10=0x00000000023b7f28, R11=0x000000007732a610
R12=0x0000000000000000, R13=0x000000001948eda0, R14=0x0000000000000ba6, R15=0x0000000019f11000
RIP=0x00007fff30c96e32, EFLAGS=0x0000000000010206

Top of Stack: (sp=0x000000001a6bc628)
0x000000001a6bc628:   00007fff30ca1f44 0000000000000000
0x000000001a6bc638:   000000001a6bc788 000000001948eda0
0x000000001a6bc648:   0000000019f11000 000000001948eda0
0x000000001a6bc658:   0000000019f11000 000000001948eda0
0x000000001a6bc668:   0000000000000118 000000000000082d
0x000000001a6bc678:   000000001a6bc738 000000001a6bc788
0x000000001a6bc688:   000000000000082d 000000001a6bc738
0x000000001a6bc698:   00000000023b7f54 000000001948eda0
0x000000001a6bc6a8:   0000000019f11000 0000000000000118
0x000000001a6bc6b8:   0000000000000118 0000000000000000
0x000000001a6bc6c8:   0000000000000001 00007fff311b3270
0x000000001a6bc6d8:   000000001948eda0 0000000000000118
0x000000001a6bc6e8:   0000000019f11000 00000000023b7c82
0x000000001a6bc6f8:   000000001a6bc6f8 000000001948eda0
0x000000001a6bc708:   000000001a6bc788 00000000195d0028
0x000000001a6bc718:   0000000000000000 000000001948eda0 

Instructions: (pc=0x00007fff30c96e32)
0x00007fff30c96e12:   41 38 f3 0f 10 5a 3c 0f 2f d3 77 03 0f 28 c1 f3
0x00007fff30c96e22:   0f 58 d8 f3 0f 2c c3 89 41 3c c3 cc cc cc 8b 02
0x00007fff30c96e32:   89 01 8b 42 10 89 41 04 8b 42 20 89 41 08 8b 42
0x00007fff30c96e42:   30 89 41 0c 8b 42 04 89 41 10 8b 42 14 89 41 14 


Register to memory mapping:

RAX=0x000000003f800000 is an unknown value
RBX=0x00007fff30960000 is an unknown value
RCX=0x0000000000000000 is an unknown value
RDX=0x00000000198af9b0 is an unknown value
RSP=0x000000001a6bc628 is pointing into the stack for thread: 0x0000000019f11000
RBP=0x000000001a6bc680 is pointing into the stack for thread: 0x0000000019f11000
RSI=0x0000000000000000 is an unknown value
RDI=0x000000001984bf40 is an unknown value
R8 =0x001605c2fbfc80ff is an unknown value
R9 =0x0000000000000000 is an unknown value
R10=0x00000000023b7f28 is at code_begin+840 in an Interpreter codelet
method entry point (kind = native)  [0x00000000023b7be0, 0x00000000023b8540]  2400 bytes
R11=0x000000007732a610 is an unknown value
R12=0x0000000000000000 is an unknown value
R13={method} {0x000000001948eda8} 'dispatch_glGetFloatv1' '(ILjava/lang/Object;IZJ)V' in 'jogamp/opengl/gl4/GL4bcImpl'
R14=0x0000000000000ba6 is an unknown value
R15=0x0000000019f11000 is a thread


Stack: [0x000000001a5c0000,0x000000001a6c0000],  sp=0x000000001a6bc628,  free space=1009k
Native frames: (J=compiled Java code, j=interpreted, Vv=VM code, C=native code)
C  [ig9icd64.dll+0x336e32]

Java frames: (J=compiled Java code, j=interpreted, Vv=VM code)
j  jogamp.opengl.gl4.GL4bcImpl.dispatch_glGetFloatv1(ILjava/lang/Object;IZJ)V+0
j  jogamp.opengl.gl4.GL4bcImpl.glGetFloatv(ILjava/nio/FloatBuffer;)V+75
j  GameGraphics.GameScreenComposition.Display.init(Lcom/jogamp/opengl/GL2;Lcom/jogamp/opengl/glu/GLU;)V+7
j  GameGraphics.GameScreenComposition.GraphicsEngine.init(Lcom/jogamp/opengl/GLAutoDrawable;Lcom/jogamp/opengl/glu/GLU;)V+16
j  GameGraphics.GameScreenComposition.GameScreen.init(Lcom/jogamp/opengl/GLAutoDrawable;)V+250
j  jogamp.opengl.GLDrawableHelper.reshape(Lcom/jogamp/opengl/GLAutoDrawable;IIII)V+63
j  com.jogamp.opengl.awt.GLJPanel$Updater.display(Lcom/jogamp/opengl/GLAutoDrawable;)V+177
j  com.jogamp.opengl.awt.GLJPanel$10.run()V+11
j  jogamp.opengl.GLDrawableHelper.invokeGLImpl(Lcom/jogamp/opengl/GLDrawable;Lcom/jogamp/opengl/GLContext;Ljava/lang/Runnable;Ljava/lang/Runnable;)V+203
j  jogamp.opengl.GLDrawableHelper.invokeGL(Lcom/jogamp/opengl/GLDrawable;Lcom/jogamp/opengl/GLContext;Ljava/lang/Runnable;Ljava/lang/Runnable;)V+72
j  com.jogamp.opengl.awt.GLJPanel$OffscreenBackend.doPaintComponent(Ljava/awt/Graphics;)V+29
j  com.jogamp.opengl.awt.GLJPanel.paintComponent(Ljava/awt/Graphics;)V+224
j  javax.swing.JComponent.paint(Ljava/awt/Graphics;)V+286
j  javax.swing.JComponent.paintToOffscreen(Ljava/awt/Graphics;IIIIII)V+41
j  javax.swing.RepaintManager$PaintManager.paintDoubleBuffered(Ljavax/swing/JComponent;Ljava/awt/Image;Ljava/awt/Graphics;IIII)V+163
j  javax.swing.RepaintManager$PaintManager.paint(Ljavax/swing/JComponent;Ljavax/swing/JComponent;Ljava/awt/Graphics;IIII)Z+116
j  javax.swing.RepaintManager.paint(Ljavax/swing/JComponent;Ljavax/swing/JComponent;Ljava/awt/Graphics;IIII)V+51
j  javax.swing.JComponent._paintImmediately(IIII)V+683
j  javax.swing.JComponent.paintImmediately(IIII)V+138
j  javax.swing.RepaintManager$4.run()Ljava/lang/Void;+81
j  javax.swing.RepaintManager$4.run()Ljava/lang/Object;+1
v  ~StubRoutines::call_stub
J 471  java.security.AccessController.doPrivileged(Ljava/security/PrivilegedAction;Ljava/security/AccessControlContext;)Ljava/lang/Object; (0 bytes) @ 0x00000000025c8166 [0x00000000025c8100+0x66]
J 473 C1 java.security.ProtectionDomain$JavaSecurityAccessImpl.doIntersectionPrivilege(Ljava/security/PrivilegedAction;Ljava/security/AccessControlContext;Ljava/security/AccessControlContext;)Ljava/lang/Object; (22 bytes) @ 0x00000000025c8dac [0x00000000025c8940+0x46c]
j  javax.swing.RepaintManager.paintDirtyRegions(Ljava/util/Map;)V+154
j  javax.swing.RepaintManager.paintDirtyRegions()V+46
j  javax.swing.RepaintManager.prePaintDirtyRegions()V+73
j  javax.swing.RepaintManager.access$1200(Ljavax/swing/RepaintManager;)V+1
j  javax.swing.RepaintManager$ProcessingRunnable.run()V+37
J 646 C1 java.awt.event.InvocationEvent.dispatch()V (69 bytes) @ 0x0000000002622d14 [0x0000000002622b00+0x214]
j  java.awt.EventQueue.dispatchEventImpl(Ljava/awt/AWTEvent;Ljava/lang/Object;)V+21
J 787 C1 java.awt.EventQueue$3.run()Ljava/lang/Void; (60 bytes) @ 0x0000000002681ccc [0x0000000002681ac0+0x20c]
J 786 C1 java.awt.EventQueue$3.run()Ljava/lang/Object; (5 bytes) @ 0x000000000268174c [0x00000000026816c0+0x8c]
v  ~StubRoutines::call_stub
J 471  java.security.AccessController.doPrivileged(Ljava/security/PrivilegedAction;Ljava/security/AccessControlContext;)Ljava/lang/Object; (0 bytes) @ 0x00000000025c8166 [0x00000000025c8100+0x66]
J 566 C1 java.awt.EventQueue.dispatchEvent(Ljava/awt/AWTEvent;)V (80 bytes) @ 0x00000000025fb384 [0x00000000025faa00+0x984]
J 567 C1 java.awt.EventDispatchThread.pumpOneEventForFilters(I)V (295 bytes) @ 0x00000000025f8324 [0x00000000025f67c0+0x1b64]
j  java.awt.EventDispatchThread.pumpEventsForFilter(ILjava/awt/Conditional;Ljava/awt/EventFilter;)V+35
j  java.awt.EventDispatchThread.pumpEventsForHierarchy(ILjava/awt/Conditional;Ljava/awt/Component;)V+11
j  java.awt.EventDispatchThread.pumpEvents(ILjava/awt/Conditional;)V+4
j  java.awt.EventDispatchThread.pumpEvents(Ljava/awt/Conditional;)V+3
j  java.awt.EventDispatchThread.run()V+9
v  ~StubRoutines::call_stub

---------------  P R O C E S S  ---------------

Java Threads: ( => current thread )
  0x0000000020147000 JavaThread "Thread-10" [_thread_blocked, id=13836, stack(0x00000000227a0000,0x00000000228a0000)]
  0x0000000020148000 JavaThread "Thread-9" [_thread_blocked, id=216, stack(0x00000000213d0000,0x00000000214d0000)]
  0x0000000020146800 JavaThread "Thread-8" [_thread_blocked, id=6212, stack(0x00000000210d0000,0x00000000211d0000)]
  0x000000001a21c800 JavaThread "Thread-3-FPSAWTAnimator#00-Timer0" [_thread_blocked, id=9656, stack(0x0000000020000000,0x0000000020100000)]
  0x0000000019cad000 JavaThread "Thread-3-SharedResourceRunner" daemon [_thread_blocked, id=13676, stack(0x000000001b400000,0x000000001b500000)]
  0x0000000019bdc800 JavaThread "Thread-2" [_thread_blocked, id=11964, stack(0x000000001af00000,0x000000001b000000)]
  0x00000000022a0800 JavaThread "DestroyJavaVM" [_thread_blocked, id=5240, stack(0x00000000021a0000,0x00000000022a0000)]
=>0x0000000019f11000 JavaThread "AWT-EventQueue-0" [_thread_in_native, id=2552, stack(0x000000001a5c0000,0x000000001a6c0000)]
  0x0000000019c39000 JavaThread "Image Fetcher 1" daemon [_thread_blocked, id=12968, stack(0x000000001a4c0000,0x000000001a5c0000)]
  0x0000000018c1e000 JavaThread "Image Fetcher 0" daemon [_thread_blocked, id=11416, stack(0x000000001a3c0000,0x000000001a4c0000)]
  0x0000000018c07800 JavaThread "AWT-Windows" daemon [_thread_in_native, id=10952, stack(0x0000000019200000,0x0000000019300000)]
  0x0000000018c03000 JavaThread "AWT-Shutdown" [_thread_blocked, id=7016, stack(0x0000000019100000,0x0000000019200000)]
  0x0000000018c02800 JavaThread "Java2D Disposer" daemon [_thread_blocked, id=14896, stack(0x0000000019000000,0x0000000019100000)]
  0x0000000018846000 JavaThread "Service Thread" daemon [_thread_blocked, id=7096, stack(0x0000000018c20000,0x0000000018d20000)]
  0x0000000016ee9800 JavaThread "C1 CompilerThread2" daemon [_thread_blocked, id=13660, stack(0x0000000018720000,0x0000000018820000)]
  0x0000000016ee1000 JavaThread "C2 CompilerThread1" daemon [_thread_blocked, id=7564, stack(0x0000000018620000,0x0000000018720000)]
  0x0000000016ede800 JavaThread "C2 CompilerThread0" daemon [_thread_blocked, id=11572, stack(0x0000000018520000,0x0000000018620000)]
  0x0000000016edd800 JavaThread "Attach Listener" daemon [_thread_blocked, id=8580, stack(0x0000000018420000,0x0000000018520000)]
  0x0000000016edc000 JavaThread "Signal Dispatcher" daemon [_thread_blocked, id=6748, stack(0x0000000018320000,0x0000000018420000)]
  0x0000000016eca800 JavaThread "Finalizer" daemon [_thread_blocked, id=7796, stack(0x0000000018130000,0x0000000018230000)]
  0x0000000002392800 JavaThread "Reference Handler" daemon [_thread_blocked, id=1128, stack(0x0000000018030000,0x0000000018130000)]

Other Threads:
  0x0000000016ea7000 VMThread [stack: 0x0000000017f30000,0x0000000018030000] [id=7112]
  0x0000000018859800 WatcherThread [stack: 0x0000000018d20000,0x0000000018e20000] [id=1492]

VM state:not at safepoint (normal execution)

VM Mutex/Monitor currently owned by a thread: None

Heap:
 PSYoungGen      total 144896K, used 82323K [0x00000000d5e00000, 0x00000000df800000, 0x0000000100000000)
  eden space 133120K, 55% used [0x00000000d5e00000,0x00000000da608140,0x00000000de000000)
  from space 11776K, 72% used [0x00000000dec80000,0x00000000df4dcd10,0x00000000df800000)
  to   space 12288K, 0% used [0x00000000de000000,0x00000000de000000,0x00000000dec00000)
 ParOldGen       total 87552K, used 31619K [0x0000000081a00000, 0x0000000086f80000, 0x00000000d5e00000)
  object space 87552K, 36% used [0x0000000081a00000,0x00000000838e0da0,0x0000000086f80000)
 Metaspace       used 16887K, capacity 17082K, committed 17536K, reserved 1064960K
  class space    used 1755K, capacity 1828K, committed 1920K, reserved 1048576K

Card table byte_map: [0x0000000011760000,0x0000000011b60000] byte_map_base: 0x0000000011353000

Marking Bits: (ParMarkBitMap*) 0x00000000779164f0
 Begin Bits: [0x0000000012210000, 0x00000000141a8000)
 End Bits:   [0x00000000141a8000, 0x0000000016140000)

Polling page: 0x00000000020a0000

CodeCache: size=245760Kb used=4976Kb max_used=4976Kb free=240783Kb
 bounds [0x00000000023a0000, 0x0000000002890000, 0x00000000113a0000]
 total_blobs=2214 nmethods=1304 adapters=823
 compilation: enabled

Compilation events (10 events):
Event: 4.799 Thread 0x0000000016ee9800 1305       3       sun.net.www.protocol.jar.Handler::parseContextSpec (154 bytes)
Event: 4.800 Thread 0x0000000016ee9800 nmethod 1305 0x0000000002870d10 code [0x0000000002871100, 0x00000000028737e8]
Event: 4.800 Thread 0x0000000016ee9800 1307       3       sun.net.www.ParseUtil::canonizeString (195 bytes)
Event: 4.801 Thread 0x0000000016ee9800 nmethod 1307 0x0000000002874fd0 code [0x0000000002875380, 0x00000000028777e8]
Event: 4.801 Thread 0x0000000016ee9800 1309       3       java.util.jar.JarFile::getManifestFromReference (113 bytes)
Event: 4.802 Thread 0x0000000016ee9800 nmethod 1309 0x00000000028787d0 code [0x0000000002878b00, 0x000000000287a158]
Event: 4.803 Thread 0x0000000016ee9800 1310       3       java.util.jar.Attributes$Name::equals (39 bytes)
Event: 4.803 Thread 0x0000000016ee9800 nmethod 1310 0x000000000287aed0 code [0x000000000287b060, 0x000000000287b508]
Event: 4.803 Thread 0x0000000016ee9800 1311       3       sun.misc.ASCIICaseInsensitiveComparator::compare (13 bytes)
Event: 4.803 Thread 0x0000000016ee9800 nmethod 1311 0x000000000287b650 code [0x000000000287b7c0, 0x000000000287bb28]

GC Heap History (10 events):
Event: 3.301 GC heap before
{Heap before GC invocations=2 (full 0):
 PSYoungGen      total 38400K, used 37457K [0x00000000d5e00000, 0x00000000da900000, 0x0000000100000000)
  eden space 33280K, 100% used [0x00000000d5e00000,0x00000000d7e80000,0x00000000d7e80000)
  from space 5120K, 81% used [0x00000000d7e80000,0x00000000d82946a0,0x00000000d8380000)
  to   space 5120K, 0% used [0x00000000da400000,0x00000000da400000,0x00000000da900000)
 ParOldGen       total 87552K, used 13712K [0x0000000081a00000, 0x0000000086f80000, 0x00000000d5e00000)
  object space 87552K, 15% used [0x0000000081a00000,0x00000000827640b0,0x0000000086f80000)
 Metaspace       used 15130K, capacity 15284K, committed 15488K, reserved 1062912K
  class space    used 1576K, capacity 1635K, committed 1664K, reserved 1048576K
Event: 3.313 GC heap after
Heap after GC invocations=2 (full 0):
 PSYoungGen      total 38400K, used 5107K [0x00000000d5e00000, 0x00000000da900000, 0x0000000100000000)
  eden space 33280K, 0% used [0x00000000d5e00000,0x00000000d5e00000,0x00000000d7e80000)
  from space 5120K, 99% used [0x00000000da400000,0x00000000da8fcd10,0x00000000da900000)
  to   space 5120K, 0% used [0x00000000d7e80000,0x00000000d7e80000,0x00000000d8380000)
 ParOldGen       total 87552K, used 23004K [0x0000000081a00000, 0x0000000086f80000, 0x00000000d5e00000)
  object space 87552K, 26% used [0x0000000081a00000,0x0000000083077210,0x0000000086f80000)
 Metaspace       used 15130K, capacity 15284K, committed 15488K, reserved 1062912K
  class space    used 1576K, capacity 1635K, committed 1664K, reserved 1048576K
}
Event: 3.613 GC heap before
{Heap before GC invocations=3 (full 0):
 PSYoungGen      total 38400K, used 38387K [0x00000000d5e00000, 0x00000000da900000, 0x0000000100000000)
  eden space 33280K, 100% used [0x00000000d5e00000,0x00000000d7e80000,0x00000000d7e80000)
  from space 5120K, 99% used [0x00000000da400000,0x00000000da8fcd10,0x00000000da900000)
  to   space 5120K, 0% used [0x00000000d7e80000,0x00000000d7e80000,0x00000000d8380000)
 ParOldGen       total 87552K, used 23004K [0x0000000081a00000, 0x0000000086f80000, 0x00000000d5e00000)
  object space 87552K, 26% used [0x0000000081a00000,0x0000000083077210,0x0000000086f80000)
 Metaspace       used 15571K, capacity 15764K, committed 16128K, reserved 1062912K
  class space    used 1631K, capacity 1731K, committed 1792K, reserved 1048576K
Event: 3.619 GC heap after
Heap after GC invocations=3 (full 0):
 PSYoungGen      total 38400K, used 5107K [0x00000000d5e00000, 0x00000000da900000, 0x0000000100000000)
  eden space 33280K, 0% used [0x00000000d5e00000,0x00000000d5e00000,0x00000000d7e80000)
  from space 5120K, 99% used [0x00000000d7e80000,0x00000000d837ccf0,0x00000000d8380000)
  to   space 5120K, 0% used [0x00000000da400000,0x00000000da400000,0x00000000da900000)
 ParOldGen       total 87552K, used 25252K [0x0000000081a00000, 0x0000000086f80000, 0x00000000d5e00000)
  object space 87552K, 28% used [0x0000000081a00000,0x00000000832a9350,0x0000000086f80000)
 Metaspace       used 15571K, capacity 15764K, committed 16128K, reserved 1062912K
  class space    used 1631K, capacity 1731K, committed 1792K, reserved 1048576K
}
Event: 4.079 GC heap before
{Heap before GC invocations=4 (full 0):
 PSYoungGen      total 38400K, used 38387K [0x00000000d5e00000, 0x00000000da900000, 0x0000000100000000)
  eden space 33280K, 100% used [0x00000000d5e00000,0x00000000d7e80000,0x00000000d7e80000)
  from space 5120K, 99% used [0x00000000d7e80000,0x00000000d837ccf0,0x00000000d8380000)
  to   space 5120K, 0% used [0x00000000da400000,0x00000000da400000,0x00000000da900000)
 ParOldGen       total 87552K, used 25252K [0x0000000081a00000, 0x0000000086f80000, 0x00000000d5e00000)
  object space 87552K, 28% used [0x0000000081a00000,0x00000000832a9350,0x0000000086f80000)
 Metaspace       used 16124K, capacity 16308K, committed 16640K, reserved 1064960K
  class space    used 1694K, capacity 1763K, committed 1792K, reserved 1048576K
Event: 4.085 GC heap after
Heap after GC invocations=4 (full 0):
 PSYoungGen      total 71680K, used 5107K [0x00000000d5e00000, 0x00000000da900000, 0x0000000100000000)
  eden space 66560K, 0% used [0x00000000d5e00000,0x00000000d5e00000,0x00000000d9f00000)
  from space 5120K, 99% used [0x00000000da400000,0x00000000da8fcd10,0x00000000da900000)
  to   space 5120K, 0% used [0x00000000d9f00000,0x00000000d9f00000,0x00000000da400000)
 ParOldGen       total 87552K, used 28053K [0x0000000081a00000, 0x0000000086f80000, 0x00000000d5e00000)
  object space 87552K, 32% used [0x0000000081a00000,0x00000000835655e8,0x0000000086f80000)
 Metaspace       used 16124K, capacity 16308K, committed 16640K, reserved 1064960K
  class space    used 1694K, capacity 1763K, committed 1792K, reserved 1048576K
}
Event: 4.264 GC heap before
{Heap before GC invocations=5 (full 0):
 PSYoungGen      total 71680K, used 71667K [0x00000000d5e00000, 0x00000000da900000, 0x0000000100000000)
  eden space 66560K, 100% used [0x00000000d5e00000,0x00000000d9f00000,0x00000000d9f00000)
  from space 5120K, 99% used [0x00000000da400000,0x00000000da8fcd10,0x00000000da900000)
  to   space 5120K, 0% used [0x00000000d9f00000,0x00000000d9f00000,0x00000000da400000)
 ParOldGen       total 87552K, used 28053K [0x0000000081a00000, 0x0000000086f80000, 0x00000000d5e00000)
  object space 87552K, 32% used [0x0000000081a00000,0x00000000835655e8,0x0000000086f80000)
 Metaspace       used 16151K, capacity 16308K, committed 16640K, reserved 1064960K
  class space    used 1694K, capacity 1763K, committed 1792K, reserved 1048576K
Event: 4.273 GC heap after
Heap after GC invocations=5 (full 0):
 PSYoungGen      total 71680K, used 5107K [0x00000000d5e00000, 0x00000000df900000, 0x0000000100000000)
  eden space 66560K, 0% used [0x00000000d5e00000,0x00000000d5e00000,0x00000000d9f00000)
  from space 5120K, 99% used [0x00000000d9f00000,0x00000000da3fcd10,0x00000000da400000)
  to   space 12800K, 0% used [0x00000000dec80000,0x00000000dec80000,0x00000000df900000)
 ParOldGen       total 87552K, used 31619K [0x0000000081a00000, 0x0000000086f80000, 0x00000000d5e00000)
  object space 87552K, 36% used [0x0000000081a00000,0x00000000838e0da0,0x0000000086f80000)
 Metaspace       used 16151K, capacity 16308K, committed 16640K, reserved 1064960K
  class space    used 1694K, capacity 1763K, committed 1792K, reserved 1048576K
}
Event: 4.406 GC heap before
{Heap before GC invocations=6 (full 0):
 PSYoungGen      total 71680K, used 71667K [0x00000000d5e00000, 0x00000000df900000, 0x0000000100000000)
  eden space 66560K, 100% used [0x00000000d5e00000,0x00000000d9f00000,0x00000000d9f00000)
  from space 5120K, 99% used [0x00000000d9f00000,0x00000000da3fcd10,0x00000000da400000)
  to   space 12800K, 0% used [0x00000000dec80000,0x00000000dec80000,0x00000000df900000)
 ParOldGen       total 87552K, used 31619K [0x0000000081a00000, 0x0000000086f80000, 0x00000000d5e00000)
  object space 87552K, 36% used [0x0000000081a00000,0x00000000838e0da0,0x0000000086f80000)
 Metaspace       used 16172K, capacity 16372K, committed 16640K, reserved 1064960K
  class space    used 1694K, capacity 1763K, committed 1792K, reserved 1048576K
Event: 4.415 GC heap after
Heap after GC invocations=6 (full 0):
 PSYoungGen      total 144896K, used 8563K [0x00000000d5e00000, 0x00000000df800000, 0x0000000100000000)
  eden space 133120K, 0% used [0x00000000d5e00000,0x00000000d5e00000,0x00000000de000000)
  from space 11776K, 72% used [0x00000000dec80000,0x00000000df4dcd10,0x00000000df800000)
  to   space 12288K, 0% used [0x00000000de000000,0x00000000de000000,0x00000000dec00000)
 ParOldGen       total 87552K, used 31619K [0x0000000081a00000, 0x0000000086f80000, 0x00000000d5e00000)
  object space 87552K, 36% used [0x0000000081a00000,0x00000000838e0da0,0x0000000086f80000)
 Metaspace       used 16172K, capacity 16372K, committed 16640K, reserved 1064960K
  class space    used 1694K, capacity 1763K, committed 1792K, reserved 1048576K
}

Deoptimization events (10 events):
Event: 4.109 Thread 0x0000000019bdd000 Uncommon trap: reason=unstable_if action=reinterpret pc=0x00000000027ed3a8 method=sun.misc.FloatingDecimal$ASCIIToBinaryBuffer.floatValue()F @ 973
Event: 4.129 Thread 0x0000000019bdd000 Uncommon trap: reason=array_check action=maybe_recompile pc=0x00000000027f09c8 method=java.util.AbstractCollection.toArray([Ljava/lang/Object;)[Ljava/lang/Object; @ 119
Event: 4.129 Thread 0x0000000019bdd000 Uncommon trap: reason=array_check action=maybe_recompile pc=0x00000000027f09c8 method=java.util.AbstractCollection.toArray([Ljava/lang/Object;)[Ljava/lang/Object; @ 119
Event: 4.129 Thread 0x0000000019bdd000 Uncommon trap: reason=array_check action=maybe_recompile pc=0x00000000027f09c8 method=java.util.AbstractCollection.toArray([Ljava/lang/Object;)[Ljava/lang/Object; @ 119
Event: 4.129 Thread 0x0000000019bdd000 Uncommon trap: reason=array_check action=maybe_recompile pc=0x00000000027f09c8 method=java.util.AbstractCollection.toArray([Ljava/lang/Object;)[Ljava/lang/Object; @ 119
Event: 4.292 Thread 0x0000000019bdd000 Uncommon trap: reason=unstable_if action=reinterpret pc=0x00000000027fd53c method=sun.misc.FloatingDecimal.readJavaFormatString(Ljava/lang/String;)Lsun/misc/FloatingDecimal$ASCIIToBinaryConverter; @ 178
Event: 4.521 Thread 0x0000000019bdd000 Uncommon trap: reason=unstable_if action=reinterpret pc=0x00000000028088a4 method=sun.misc.FloatingDecimal$ASCIIToBinaryBuffer.floatValue()F @ 83
Event: 4.529 Thread 0x0000000020148800 Uncommon trap: reason=unstable_if action=reinterpret pc=0x0000000002761148 method=java.lang.Integer.parseInt(Ljava/lang/String;I)I @ 122
Event: 4.529 Thread 0x0000000020148800 Uncommon trap: reason=unstable_if action=reinterpret pc=0x0000000002751a9c method=java.lang.Integer.parseInt(Ljava/lang/String;I)I @ 122
Event: 4.763 Thread 0x0000000019f11000 Uncommon trap: reason=unstable_if action=reinterpret pc=0x00000000027cab34 method=java.lang.String.trim()Ljava/lang/String; @ 23

Internal exceptions (10 events):
Event: 0.032 Thread 0x00000000022a0800 Exception <a 'java/lang/NoSuchMethodError': Method sun.misc.Unsafe.defineClass(Ljava/lang/String;[BII)Ljava/lang/Class; name or signature does not match> (0x00000000d5e07cc0) thrown at [D:\re\workspace\8-2-build-windows-amd64-cygwin\jdk8u92\6642\hotspot\srCÛU
!£ ?
Event: 0.032 Thread 0x00000000022a0800 Exception <a 'java/lang/NoSuchMethodError': Method sun.misc.Unsafe.prefetchRead(Ljava/lang/Object;J)V name or signature does not match> (0x00000000d5e07fa8) thrown at [D:\re\workspace\8-2-build-windows-amd64-cygwin\jdk8u92\6642\hotspot\src\share\vm\prims\jZÌCqòº?
Event: 0.105 Thread 0x00000000022a0800 Exception <a 'java/security/PrivilegedActionException'> (0x00000000d5e8b3c0) thrown at [D:\re\workspace\8-2-build-windows-amd64-cygwin\jdk8u92\6642\hotspot\src\share\vm\prims\jvm.cpp, line 1386]
Event: 0.105 Thread 0x00000000022a0800 Exception <a 'java/security/PrivilegedActionException'> (0x00000000d5e8b5d0) thrown at [D:\re\workspace\8-2-build-windows-amd64-cygwin\jdk8u92\6642\hotspot\src\share\vm\prims\jvm.cpp, line 1386]
Event: 0.106 Thread 0x00000000022a0800 Exception <a 'java/security/PrivilegedActionException'> (0x00000000d5e8f178) thrown at [D:\re\workspace\8-2-build-windows-amd64-cygwin\jdk8u92\6642\hotspot\src\share\vm\prims\jvm.cpp, line 1386]
Event: 0.106 Thread 0x00000000022a0800 Exception <a 'java/security/PrivilegedActionException'> (0x00000000d5e8f388) thrown at [D:\re\workspace\8-2-build-windows-amd64-cygwin\jdk8u92\6642\hotspot\src\share\vm\prims\jvm.cpp, line 1386]
Event: 0.120 Thread 0x00000000022a0800 Exception <a 'java/io/FileNotFoundException'> (0x00000000d5ea1e90) thrown at [D:\re\workspace\8-2-build-windows-amd64-cygwin\jdk8u92\6642\hotspot\src\share\vm\prims\jni.cpp, line 709]
Event: 0.155 Thread 0x00000000022a0800 Exception <a 'java/lang/NoSuchFieldError': method resolution failed> (0x00000000d6015bb8) thrown at [D:\re\workspace\8-2-build-windows-amd64-cygwin\jdk8u92\6642\hotspot\src\share\vm\prims\methodHandles.cpp, line 1146]
Event: 0.157 Thread 0x00000000022a0800 Exception <a 'java/lang/NoSuchFieldError': method resolution failed> (0x00000000d6022f88) thrown at [D:\re\workspace\8-2-build-windows-amd64-cygwin\jdk8u92\6642\hotspot\src\share\vm\prims\methodHandles.cpp, line 1146]
Event: 0.194 Thread 0x00000000022a0800 Exception <a 'java/io/FileNotFoundException'> (0x00000000d60b6b20) thrown at [D:\re\workspace\8-2-build-windows-amd64-cygwin\jdk8u92\6642\hotspot\src\share\vm\prims\jni.cpp, line 709]

Events (10 events):
Event: 4.807 loading class com/jogamp/opengl/util/gl2/StrokeFontRec
Event: 4.807 loading class com/jogamp/opengl/util/gl2/StrokeFontRec done
Event: 4.807 loading class com/jogamp/opengl/glu/GLUnurbs
Event: 4.807 loading class com/jogamp/opengl/glu/GLUnurbs done
Event: 4.808 loading class com/jogamp/opengl/glu/gl2/GLUgl2$1
Event: 4.808 loading class com/jogamp/opengl/glu/gl2/GLUgl2$1 done
Event: 4.808 loading class jogamp/opengl/gl2/ProjectDouble
Event: 4.808 loading class jogamp/opengl/gl2/ProjectDouble done
Event: 4.809 loading class java/nio/DirectDoubleBufferU
Event: 4.809 loading class java/nio/DirectDoubleBufferU done


Dynamic libraries:
0x00007ff67adf0000 - 0x00007ff67ae27000 	C:\Program Files\Java\jre1.8.0_92\bin\javaw.exe
0x00007fff7ac30000 - 0x00007fff7ae01000 	C:\WINDOWS\SYSTEM32\ntdll.dll
0x00007fff784f0000 - 0x00007fff7859b000 	C:\WINDOWS\System32\KERNEL32.DLL
0x00007fff77ce0000 - 0x00007fff77efd000 	C:\WINDOWS\System32\KERNELBASE.dll
0x00007fff78750000 - 0x00007fff787f2000 	C:\WINDOWS\System32\ADVAPI32.dll
0x00007fff782e0000 - 0x00007fff7837e000 	C:\WINDOWS\System32\msvcrt.dll
0x00007fff78cb0000 - 0x00007fff78d09000 	C:\WINDOWS\System32\sechost.dll
0x00007fff7a750000 - 0x00007fff7a871000 	C:\WINDOWS\System32\RPCRT4.dll
0x00007fff785a0000 - 0x00007fff78705000 	C:\WINDOWS\System32\USER32.dll
0x00007fff77c50000 - 0x00007fff77c6e000 	C:\WINDOWS\System32\win32u.dll
0x00007fff78710000 - 0x00007fff78744000 	C:\WINDOWS\System32\GDI32.dll
0x00007fff771c0000 - 0x00007fff77342000 	C:\WINDOWS\System32\gdi32full.dll
0x00007fff6fb70000 - 0x00007fff6fde9000 	C:\WINDOWS\WinSxS\amd64_microsoft.windows.common-controls_6595b64144ccf1df_6.0.14393.0_none_2d0f50fcbdb171b8\COMCTL32.dll
0x00007fff789e0000 - 0x00007fff78ca7000 	C:\WINDOWS\System32\combase.dll
0x00007fff780c0000 - 0x00007fff781b5000 	C:\WINDOWS\System32\ucrtbase.dll
0x00007fff77c70000 - 0x00007fff77cda000 	C:\WINDOWS\System32\bcryptPrimitives.dll
0x00007fff7a650000 - 0x00007fff7a67e000 	C:\WINDOWS\System32\IMM32.DLL
0x0000000050530000 - 0x0000000050602000 	C:\Program Files\Java\jre1.8.0_92\bin\msvcr100.dll
0x0000000077100000 - 0x0000000077996000 	C:\Program Files\Java\jre1.8.0_92\bin\server\jvm.dll
0x00007fff7a680000 - 0x00007fff7a688000 	C:\WINDOWS\System32\PSAPI.DLL
0x00007fff74e40000 - 0x00007fff74e63000 	C:\WINDOWS\SYSTEM32\WINMM.dll
0x00007fff70d60000 - 0x00007fff70d6a000 	C:\WINDOWS\SYSTEM32\VERSION.dll
0x00007fff735e0000 - 0x00007fff735e9000 	C:\WINDOWS\SYSTEM32\WSOCK32.dll
0x00007fff7a9c0000 - 0x00007fff7aa2a000 	C:\WINDOWS\System32\WS2_32.dll
0x00007fff74de0000 - 0x00007fff74e0b000 	C:\WINDOWS\SYSTEM32\WINMMBASE.dll
0x00007fff77520000 - 0x00007fff77562000 	C:\WINDOWS\System32\cfgmgr32.dll
0x0000000050e10000 - 0x0000000050e1f000 	C:\Program Files\Java\jre1.8.0_92\bin\verify.dll
0x00000000770d0000 - 0x00000000770f9000 	C:\Program Files\Java\jre1.8.0_92\bin\java.dll
0x0000000050df0000 - 0x0000000050e06000 	C:\Program Files\Java\jre1.8.0_92\bin\zip.dll
0x00007fff79140000 - 0x00007fff7a648000 	C:\WINDOWS\System32\SHELL32.dll
0x00007fff77570000 - 0x00007fff77c4a000 	C:\WINDOWS\System32\windows.storage.dll
0x00007fff77140000 - 0x00007fff7718c000 	C:\WINDOWS\System32\powrprof.dll
0x00007fff7aa30000 - 0x00007fff7aa82000 	C:\WINDOWS\System32\shlwapi.dll
0x00007fff77130000 - 0x00007fff7713f000 	C:\WINDOWS\System32\kernel.appcore.dll
0x00007fff77f60000 - 0x00007fff78009000 	C:\WINDOWS\System32\shcore.dll
0x00007fff77190000 - 0x00007fff771a4000 	C:\WINDOWS\System32\profapi.dll
0x0000000076ec0000 - 0x0000000077058000 	C:\Program Files\Java\jre1.8.0_92\bin\awt.dll
0x00007fff7a690000 - 0x00007fff7a74c000 	C:\WINDOWS\System32\OLEAUT32.dll
0x00007fff756e0000 - 0x00007fff7575a000 	C:\WINDOWS\SYSTEM32\apphelp.dll
0x00007fff74b10000 - 0x00007fff74b36000 	C:\WINDOWS\system32\DWMAPI.DLL
0x00007fff75880000 - 0x00007fff75915000 	C:\WINDOWS\system32\uxtheme.dll
0x00007fff78380000 - 0x00007fff784db000 	C:\WINDOWS\System32\MSCTF.dll
0x00007fff7a880000 - 0x00007fff7a9b7000 	C:\WINDOWS\System32\ole32.dll
0x0000000051780000 - 0x00000000517c7000 	C:\Program Files\Java\jre1.8.0_92\bin\fontmanager.dll
0x00007fff5fea0000 - 0x00007fff5ff36000 	C:\WINDOWS\system32\RICHED20.DLL
0x00007fff70f40000 - 0x00007fff70f59000 	C:\WINDOWS\SYSTEM32\USP10.dll
0x00007fff67e90000 - 0x00007fff67ec9000 	C:\WINDOWS\SYSTEM32\msls31.dll
0x00007fff788d0000 - 0x00007fff7896f000 	C:\WINDOWS\System32\clbcatq.dll
0x00007fff63760000 - 0x00007fff637a9000 	C:\WINDOWS\system32\dataexchange.dll
0x00007fff75060000 - 0x00007fff751b1000 	C:\WINDOWS\system32\dcomp.dll
0x00007fff742b0000 - 0x00007fff74566000 	C:\WINDOWS\system32\d3d11.dll
0x00007fff760c0000 - 0x00007fff7615f000 	C:\WINDOWS\system32\dxgi.dll
0x00007fff75b90000 - 0x00007fff75cac000 	C:\WINDOWS\system32\twinapi.appcore.dll
0x00007fff77070000 - 0x00007fff7709b000 	C:\WINDOWS\system32\bcrypt.dll
0x00000000770b0000 - 0x00000000770ca000 	C:\Program Files\Java\jre1.8.0_92\bin\net.dll
0x00007fff76a00000 - 0x00007fff76a5c000 	C:\WINDOWS\system32\mswsock.dll
0x0000000077090000 - 0x00000000770a1000 	C:\Program Files\Java\jre1.8.0_92\bin\nio.dll
0x0000000051730000 - 0x0000000051772000 	C:\Program Files\Java\jre1.8.0_92\bin\t2k.dll
0x00007fff76ba0000 - 0x00007fff76bb7000 	C:\WINDOWS\SYSTEM32\CRYPTSP.dll
0x00007fff76610000 - 0x00007fff76643000 	C:\WINDOWS\system32\rsaenh.dll
0x00007fff76880000 - 0x00007fff7689f000 	C:\WINDOWS\SYSTEM32\USERENV.dll
0x00007fff76bc0000 - 0x00007fff76bcb000 	C:\WINDOWS\SYSTEM32\CRYPTBASE.dll
0x00007fff76790000 - 0x00007fff767c8000 	C:\WINDOWS\SYSTEM32\IPHLPAPI.DLL
0x00007fff784e0000 - 0x00007fff784e8000 	C:\WINDOWS\System32\NSI.dll
0x00007fff6e1d0000 - 0x00007fff6e1e6000 	C:\WINDOWS\SYSTEM32\dhcpcsvc6.DLL
0x00007fff6e1b0000 - 0x00007fff6e1ca000 	C:\WINDOWS\SYSTEM32\dhcpcsvc.DLL
0x00000000637c0000 - 0x00000000637cd000 	C:\Users\harry\AppData\Local\Temp\jogamp_0000\file_cache\jln2313171940003258384\jln3788021689536460873\natives\windows-amd64\gluegen-rt.dll
0x0000000051720000 - 0x0000000051727000 	C:\Program Files\Java\jre1.8.0_92\bin\jawt.dll
0x000000006a440000 - 0x000000006a44d000 	C:\Users\harry\AppData\Local\Temp\jogamp_0000\file_cache\jln2313171940003258384\jln3788021689536460873\natives\windows-amd64\nativewindow_awt.dll
0x000000006c100000 - 0x000000006c10f000 	C:\Users\harry\AppData\Local\Temp\jogamp_0000\file_cache\jln2313171940003258384\jln3788021689536460873\natives\windows-amd64\nativewindow_win32.dll
0x00007fff5cdc0000 - 0x00007fff5cee3000 	C:\WINDOWS\SYSTEM32\OpenGL32.dll
0x00007fff65ab0000 - 0x00007fff65add000 	C:\WINDOWS\SYSTEM32\GLU32.dll
0x00007fff5c0f0000 - 0x00007fff5c1e7000 	C:\WINDOWS\SYSTEM32\DDRAW.dll
0x00007fff72590000 - 0x00007fff72598000 	C:\WINDOWS\SYSTEM32\DCIMAN32.dll
0x0000000064500000 - 0x00000000645b1000 	C:\Users\harry\AppData\Local\Temp\jogamp_0000\file_cache\jln2313171940003258384\jln3788021689536460873\natives\windows-amd64\jogl_desktop.dll
0x0000000064340000 - 0x00000000643a2000 	C:\Users\harry\AppData\Local\Temp\jogamp_0000\file_cache\jln2313171940003258384\jln3788021689536460873\natives\windows-amd64\jogl_mobile.dll
0x00007fff30960000 - 0x00007fff31630000 	C:\WINDOWS\SYSTEM32\ig9icd64.dll
0x00007fff6fea0000 - 0x00007fff70d08000 	C:\WINDOWS\SYSTEM32\igc64.dll
0x00007fff74290000 - 0x00007fff742a3000 	C:\WINDOWS\SYSTEM32\WTSAPI32.dll
0x00007fff72a90000 - 0x00007fff72c22000 	C:\WINDOWS\SYSTEM32\dbghelp.dll

VM Arguments:
jvm_args: -Dfile.encoding=Cp1252 
java_command: GameGraphics.Graphics
java_class_path (initial): C:\Users\harry\Documents\Projects\KingOfKings\bin;C:\Users\harry\.p2\pool\plugins\org.junit_4.12.0.v201504281640\junit.jar;C:\Users\harry\.p2\pool\plugins\org.hamcrest.core_1.3.0.v201303031735.jar;C:\Users\harry\Documents\Projects\KingOfKings\jogamp-all-platforms\jar\gluegen-rt.jar;C:\Users\harry\Documents\Projects\KingOfKings\jogamp-all-platforms\jar\jogl-all.jar
Launcher Type: SUN_STANDARD

Environment Variables:
PATH=C:/Program Files/Java/jre1.8.0_92/bin/server;C:/Program Files/Java/jre1.8.0_92/bin;C:/Program Files/Java/jre1.8.0_92/lib/amd64;C:\ProgramData\Oracle\Java\javapath;C:\Program Files (x86)\Intel\iCLS Client\;C:\Program Files\Intel\iCLS Client\;C:\Windows\system32;C:\Windows;C:\Windows\System32\Wbem;C:\Windows\System32\WindowsPowerShell\v1.0\;C:\Program Files (x86)\NVIDIA Corporation\PhysX\Common;C:\Program Files (x86)\Intel\Intel(R) Management Engine Components\DAL;C:\Program Files\Intel\Intel(R) Management Engine Components\DAL;C:\Program Files (x86)\Intel\Intel(R) Management Engine Components\IPT;C:\Program Files\Intel\Intel(R) Management Engine Components\IPT;"C:\Program Files\Java\jdk1.8.0_92\bin";C:\Program Files (x86)\Windows Kits\8.1\Windows Performance Toolkit\;%SystemRoot%\system32;%SystemRoot%;%SystemRoot%\System32\Wbem;%SYSTEMROOT%\System32\WindowsPowerShell\v1.0\;;C:\Program Files (x86)\Microsoft VS Code\bin;C:\Users\harry\AppData\Local\Microsoft\WindowsApps;C:\Users\harry\Desktop;
USERNAME=harry
OS=Windows_NT
PROCESSOR_IDENTIFIER=Intel64 Family 6 Model 78 Stepping 3, GenuineIntel



---------------  S Y S T E M  ---------------

OS: Windows 10.0 , 64 bit Build 14393 (10.0.14393.0)

CPU:total 4 (2 cores per cpu, 2 threads per core) family 6 model 78 stepping 3, cmov, cx8, fxsr, mmx, sse, sse2, sse3, ssse3, sse4.1, sse4.2, popcnt, avx, avx2, aes, clmul, erms, 3dnowpref, lzcnt, ht, tsc, tscinvbit, bmi1, bmi2, adx

Memory: 4k page, physical 8277872k(3456392k free), swap 9588592k(2009656k free)

vm_info: Java HotSpot(TM) 64-Bit Server VM (25.92-b14) for windows-amd64 JRE (1.8.0_92-b14), built on Mar 31 2016 21:03:04 by "java_re" with MS VC++ 10.0 (VS2010)

time: Thu Sep 01 16:41:26 2016
elapsed time: 4 seconds (0d 0h 0m 4s)

